# JRE version: OpenJDK Runtime Environment (8.0_141-b15) (build 1.8.0_141-8u141-b15-3-b15)
# Java VM: OpenJDK 64-Bit Server VM (25.141-b15 mixed mode linux-amd64 compressed oops)
Heap:
 PSYoungGen      total 110592K, used 8164K [0x00000000ec000000, 0x00000000f4380000, 0x0000000100000000)
  eden space 102400K, 0% used [0x00000000ec000000,0x00000000ec000000,0x00000000f2400000)
  from space 8192K, 99% used [0x00000000f3380000,0x00000000f3b79118,0x00000000f3b80000)
  to   space 6144K, 0% used [0x00000000f3d80000,0x00000000f3d80000,0x00000000f4380000)
 ParOldGen       total 30720K, used 12149K [0x00000000c4000000, 0x00000000c5e00000, 0x00000000ec000000)
  object space 30720K, 39% used [0x00000000c4000000,0x00000000c4bdd590,0x00000000c5e00000)
 Metaspace       used 25540K, capacity 26540K, committed 26672K, reserved 1073152K
  class space    used 3389K, capacity 3612K, committed 3632K, reserved 1048576K
GC Heap History (10 events):
Event: 1.306 GC heap after
Heap after GC invocations=5 (full 0):
 PSYoungGen      total 33280K, used 2548K [0x00000000ec000000, 0x00000000f0700000, 0x0000000100000000)
  eden space 30720K, 0% used [0x00000000ec000000,0x00000000ec000000,0x00000000ede00000)
  from space 2560K, 99% used [0x00000000ede00000,0x00000000ee07d290,0x00000000ee080000)
  to   space 5632K, 0% used [0x00000000f0180000,0x00000000f0180000,0x00000000f0700000)
 ParOldGen       total 40960K, used 5358K [0x00000000c4000000, 0x00000000c6800000, 0x00000000ec000000)
  object space 40960K, 13% used [0x00000000c4000000,0x00000000c453baa0,0x00000000c6800000)
 Metaspace       used 14067K, capacity 14516K, committed 14848K, reserved 1062912K
  class space    used 1825K, capacity 1959K, committed 2048K, reserved 1048576K
}
Event: 1.477 GC heap before
{Heap before GC invocations=6 (full 0):
 PSYoungGen      total 33280K, used 33268K [0x00000000ec000000, 0x00000000f0700000, 0x0000000100000000)
  eden space 30720K, 100% used [0x00000000ec000000,0x00000000ede00000,0x00000000ede00000)
  from space 2560K, 99% used [0x00000000ede00000,0x00000000ee07d290,0x00000000ee080000)
  to   space 5632K, 0% used [0x00000000f0180000,0x00000000f0180000,0x00000000f0700000)
 ParOldGen       total 40960K, used 5358K [0x00000000c4000000, 0x00000000c6800000, 0x00000000ec000000)
  object space 40960K, 13% used [0x00000000c4000000,0x00000000c453baa0,0x00000000c6800000)
 Metaspace       used 17044K, capacity 17528K, committed 17792K, reserved 1064960K
  class space    used 2208K, capacity 2341K, committed 2432K, reserved 1048576K
Event: 1.485 GC heap after
Heap after GC invocations=6 (full 0):
 PSYoungGen      total 66048K, used 5603K [0x00000000ec000000, 0x00000000f0900000, 0x0000000100000000)
  eden space 60416K, 0% used [0x00000000ec000000,0x00000000ec000000,0x00000000efb00000)
  from space 5632K, 99% used [0x00000000f0180000,0x00000000f06f8c18,0x00000000f0700000)
  to   space 6656K, 0% used [0x00000000efb00000,0x00000000efb00000,0x00000000f0180000)
 ParOldGen       total 40960K, used 5917K [0x00000000c4000000, 0x00000000c6800000, 0x00000000ec000000)
  object space 40960K, 14% used [0x00000000c4000000,0x00000000c45c7658,0x00000000c6800000)
 Metaspace       used 17044K, capacity 17528K, committed 17792K, reserved 1064960K
  class space    used 2208K, capacity 2341K, committed 2432K, reserved 1048576K
}
Event: 1.664 GC heap before
{Heap before GC invocations=7 (full 0):
 PSYoungGen      total 66048K, used 41173K [0x00000000ec000000, 0x00000000f0900000, 0x0000000100000000)
  eden space 60416K, 58% used [0x00000000ec000000,0x00000000ee2bc8d8,0x00000000efb00000)
  from space 5632K, 99% used [0x00000000f0180000,0x00000000f06f8c18,0x00000000f0700000)
  to   space 6656K, 0% used [0x00000000efb00000,0x00000000efb00000,0x00000000f0180000)
 ParOldGen       total 40960K, used 5917K [0x00000000c4000000, 0x00000000c6800000, 0x00000000ec000000)
  object space 40960K, 14% used [0x00000000c4000000,0x00000000c45c7658,0x00000000c6800000)
 Metaspace       used 20621K, capacity 21198K, committed 21296K, reserved 1067008K
  class space    used 2656K, capacity 2820K, committed 2864K, reserved 1048576K
Event: 1.676 GC heap after
Heap after GC invocations=7 (full 0):
 PSYoungGen      total 67072K, used 6389K [0x00000000ec000000, 0x00000000f4500000, 0x0000000100000000)
  eden space 60416K, 0% used [0x00000000ec000000,0x00000000ec000000,0x00000000efb00000)
  from space 6656K, 95% used [0x00000000efb00000,0x00000000f013d640,0x00000000f0180000)
  to   space 7680K, 0% used [0x00000000f3d80000,0x00000000f3d80000,0x00000000f4500000)
 ParOldGen       total 40960K, used 7515K [0x00000000c4000000, 0x00000000c6800000, 0x00000000ec000000)
  object space 40960K, 18% used [0x00000000c4000000,0x00000000c4756c50,0x00000000c6800000)
 Metaspace       used 20621K, capacity 21198K, committed 21296K, reserved 1067008K
  class space    used 2656K, capacity 2820K, committed 2864K, reserved 1048576K
}
Event: 1.676 GC heap before
{Heap before GC invocations=8 (full 1):
 PSYoungGen      total 67072K, used 6389K [0x00000000ec000000, 0x00000000f4500000, 0x0000000100000000)
  eden space 60416K, 0% used [0x00000000ec000000,0x00000000ec000000,0x00000000efb00000)
  from space 6656K, 95% used [0x00000000efb00000,0x00000000f013d640,0x00000000f0180000)
  to   space 7680K, 0% used [0x00000000f3d80000,0x00000000f3d80000,0x00000000f4500000)
 ParOldGen       total 40960K, used 7515K [0x00000000c4000000, 0x00000000c6800000, 0x00000000ec000000)
  object space 40960K, 18% used [0x00000000c4000000,0x00000000c4756c50,0x00000000c6800000)
 Metaspace       used 20621K, capacity 21198K, committed 21296K, reserved 1067008K
  class space    used 2656K, capacity 2820K, committed 2864K, reserved 1048576K
Event: 1.744 GC heap after
Heap after GC invocations=8 (full 1):
 PSYoungGen      total 67072K, used 0K [0x00000000ec000000, 0x00000000f4500000, 0x0000000100000000)
  eden space 60416K, 0% used [0x00000000ec000000,0x00000000ec000000,0x00000000efb00000)
  from space 6656K, 0% used [0x00000000efb00000,0x00000000efb00000,0x00000000f0180000)
  to   space 7680K, 0% used [0x00000000f3d80000,0x00000000f3d80000,0x00000000f4500000)
 ParOldGen       total 30720K, used 8602K [0x00000000c4000000, 0x00000000c5e00000, 0x00000000ec000000)
  object space 30720K, 28% used [0x00000000c4000000,0x00000000c4866ad0,0x00000000c5e00000)
 Metaspace       used 20621K, capacity 21198K, committed 21296K, reserved 1067008K
  class space    used 2656K, capacity 2820K, committed 2864K, reserved 1048576K
}
Event: 1.988 GC heap before
{Heap before GC invocations=9 (full 1):
 PSYoungGen      total 67072K, used 60409K [0x00000000ec000000, 0x00000000f4500000, 0x0000000100000000)
  eden space 60416K, 99% used [0x00000000ec000000,0x00000000efafe6b0,0x00000000efb00000)
  from space 6656K, 0% used [0x00000000efb00000,0x00000000efb00000,0x00000000f0180000)
  to   space 7680K, 0% used [0x00000000f3d80000,0x00000000f3d80000,0x00000000f4500000)
 ParOldGen       total 30720K, used 8602K [0x00000000c4000000, 0x00000000c5e00000, 0x00000000ec000000)
  object space 30720K, 28% used [0x00000000c4000000,0x00000000c4866ad0,0x00000000c5e00000)
 Metaspace       used 21851K, capacity 22538K, committed 22832K, reserved 1069056K
  class space    used 2854K, capacity 3061K, committed 3120K, reserved 1048576K
Event: 1.993 GC heap after
Heap after GC invocations=9 (full 1):
 PSYoungGen      total 108544K, used 6080K [0x00000000ec000000, 0x00000000f4380000, 0x0000000100000000)
  eden space 102400K, 0% used [0x00000000ec000000,0x00000000ec000000,0x00000000f2400000)
  from space 6144K, 98% used [0x00000000f3d80000,0x00000000f43701a8,0x00000000f4380000)
  to   space 8192K, 0% used [0x00000000f3380000,0x00000000f3380000,0x00000000f3b80000)
 ParOldGen       total 30720K, used 8610K [0x00000000c4000000, 0x00000000c5e00000, 0x00000000ec000000)
  object space 30720K, 28% used [0x00000000c4000000,0x00000000c4868ad0,0x00000000c5e00000)
 Metaspace       used 21851K, capacity 22538K, committed 22832K, reserved 1069056K
  class space    used 2854K, capacity 3061K, committed 3120K, reserved 1048576K
}
Event: 299.475 GC heap before
{Heap before GC invocations=10 (full 1):
 PSYoungGen      total 108544K, used 108480K [0x00000000ec000000, 0x00000000f4380000, 0x0000000100000000)
  eden space 102400K, 100% used [0x00000000ec000000,0x00000000f2400000,0x00000000f2400000)
  from space 6144K, 98% used [0x00000000f3d80000,0x00000000f43701a8,0x00000000f4380000)
  to   space 8192K, 0% used [0x00000000f3380000,0x00000000f3380000,0x00000000f3b80000)
 ParOldGen       total 30720K, used 8610K [0x00000000c4000000, 0x00000000c5e00000, 0x00000000ec000000)
  object space 30720K, 28% used [0x00000000c4000000,0x00000000c4868ad0,0x00000000c5e00000)
 Metaspace       used 25540K, capacity 26540K, committed 26672K, reserved 1073152K
  class space    used 3389K, capacity 3612K, committed 3632K, reserved 1048576K

