# JRE version: OpenJDK Runtime Environment (8.0_141-b15) (build 1.8.0_141-8u141-b15-3-b15)
# Java VM: OpenJDK 64-Bit Server VM (25.141-b15 mixed mode linux-amd64 compressed oops)
Heap:
 PSYoungGen      total 219136K, used 5135K [0x00000000ec000000, 0x00000000fa180000, 0x0000000100000000)
  eden space 207360K, 0% used [0x00000000ec000000,0x00000000ec000000,0x00000000f8a80000)
  from space 11776K, 43% used [0x00000000f8a80000,0x00000000f8f83f00,0x00000000f9600000)
  to   space 11776K, 0% used [0x00000000f9600000,0x00000000f9600000,0x00000000fa180000)
 ParOldGen       total 54784K, used 22166K [0x00000000c4000000, 0x00000000c7580000, 0x00000000ec000000)
  object space 54784K, 40% used [0x00000000c4000000,0x00000000c55a5938,0x00000000c7580000)
 Metaspace       used 35258K, capacity 37094K, committed 37376K, reserved 1081344K
  class space    used 4670K, capacity 5019K, committed 5120K, reserved 1048576K
GC Heap History (10 events):
Event: 66.774 GC heap after
Heap after GC invocations=15 (full 3):
 PSYoungGen      total 206336K, used 0K [0x00000000ec000000, 0x00000000fa280000, 0x0000000100000000)
  eden space 194560K, 0% used [0x00000000ec000000,0x00000000ec000000,0x00000000f7e00000)
  from space 11776K, 0% used [0x00000000f8a00000,0x00000000f8a00000,0x00000000f9580000)
  to   space 12288K, 0% used [0x00000000f7e00000,0x00000000f7e00000,0x00000000f8a00000)
 ParOldGen       total 54784K, used 19840K [0x00000000c4000000, 0x00000000c7580000, 0x00000000ec000000)
  object space 54784K, 36% used [0x00000000c4000000,0x00000000c53603b0,0x00000000c7580000)
 Metaspace       used 32767K, capacity 34402K, committed 34688K, reserved 1079296K
  class space    used 4341K, capacity 4646K, committed 4736K, reserved 1048576K
}
Event: 190.423 GC heap before
{Heap before GC invocations=16 (full 3):
 PSYoungGen      total 206336K, used 164176K [0x00000000ec000000, 0x00000000fa280000, 0x0000000100000000)
  eden space 194560K, 84% used [0x00000000ec000000,0x00000000f6054270,0x00000000f7e00000)
  from space 11776K, 0% used [0x00000000f8a00000,0x00000000f8a00000,0x00000000f9580000)
  to   space 12288K, 0% used [0x00000000f7e00000,0x00000000f7e00000,0x00000000f8a00000)
 ParOldGen       total 54784K, used 19840K [0x00000000c4000000, 0x00000000c7580000, 0x00000000ec000000)
  object space 54784K, 36% used [0x00000000c4000000,0x00000000c53603b0,0x00000000c7580000)
 Metaspace       used 34923K, capacity 36678K, committed 36736K, reserved 1081344K
  class space    used 4633K, capacity 4977K, committed 4992K, reserved 1048576K
Event: 190.429 GC heap after
Heap after GC invocations=16 (full 3):
 PSYoungGen      total 206848K, used 6278K [0x00000000ec000000, 0x00000000fa180000, 0x0000000100000000)
  eden space 194560K, 0% used [0x00000000ec000000,0x00000000ec000000,0x00000000f7e00000)
  from space 12288K, 51% used [0x00000000f7e00000,0x00000000f8421a78,0x00000000f8a00000)
  to   space 11776K, 0% used [0x00000000f9600000,0x00000000f9600000,0x00000000fa180000)
 ParOldGen       total 54784K, used 19848K [0x00000000c4000000, 0x00000000c7580000, 0x00000000ec000000)
  object space 54784K, 36% used [0x00000000c4000000,0x00000000c53623b0,0x00000000c7580000)
 Metaspace       used 34923K, capacity 36678K, committed 36736K, reserved 1081344K
  class space    used 4633K, capacity 4977K, committed 4992K, reserved 1048576K
}
Event: 190.429 GC heap before
{Heap before GC invocations=17 (full 4):
 PSYoungGen      total 206848K, used 6278K [0x00000000ec000000, 0x00000000fa180000, 0x0000000100000000)
  eden space 194560K, 0% used [0x00000000ec000000,0x00000000ec000000,0x00000000f7e00000)
  from space 12288K, 51% used [0x00000000f7e00000,0x00000000f8421a78,0x00000000f8a00000)
  to   space 11776K, 0% used [0x00000000f9600000,0x00000000f9600000,0x00000000fa180000)
 ParOldGen       total 54784K, used 19848K [0x00000000c4000000, 0x00000000c7580000, 0x00000000ec000000)
  object space 54784K, 36% used [0x00000000c4000000,0x00000000c53623b0,0x00000000c7580000)
 Metaspace       used 34923K, capacity 36678K, committed 36736K, reserved 1081344K
  class space    used 4633K, capacity 4977K, committed 4992K, reserved 1048576K
Event: 190.601 GC heap after
Heap after GC invocations=17 (full 4):
 PSYoungGen      total 206848K, used 0K [0x00000000ec000000, 0x00000000fa180000, 0x0000000100000000)
  eden space 194560K, 0% used [0x00000000ec000000,0x00000000ec000000,0x00000000f7e00000)
  from space 12288K, 0% used [0x00000000f7e00000,0x00000000f7e00000,0x00000000f8a00000)
  to   space 11776K, 0% used [0x00000000f9600000,0x00000000f9600000,0x00000000fa180000)
 ParOldGen       total 54784K, used 23830K [0x00000000c4000000, 0x00000000c7580000, 0x00000000ec000000)
  object space 54784K, 43% used [0x00000000c4000000,0x00000000c5745b38,0x00000000c7580000)
 Metaspace       used 34920K, capacity 36672K, committed 36736K, reserved 1081344K
  class space    used 4632K, capacity 4975K, committed 4992K, reserved 1048576K
}
Event: 444.254 GC heap before
{Heap before GC invocations=18 (full 4):
 PSYoungGen      total 206848K, used 154825K [0x00000000ec000000, 0x00000000fa180000, 0x0000000100000000)
  eden space 194560K, 79% used [0x00000000ec000000,0x00000000f5732470,0x00000000f7e00000)
  from space 12288K, 0% used [0x00000000f7e00000,0x00000000f7e00000,0x00000000f8a00000)
  to   space 11776K, 0% used [0x00000000f9600000,0x00000000f9600000,0x00000000fa180000)
 ParOldGen       total 54784K, used 23830K [0x00000000c4000000, 0x00000000c7580000, 0x00000000ec000000)
  object space 54784K, 43% used [0x00000000c4000000,0x00000000c5745b38,0x00000000c7580000)
 Metaspace       used 35100K, capacity 36858K, committed 36992K, reserved 1081344K
  class space    used 4651K, capacity 4988K, committed 4992K, reserved 1048576K
Event: 444.269 GC heap after
Heap after GC invocations=18 (full 4):
 PSYoungGen      total 219136K, used 3247K [0x00000000ec000000, 0x00000000fa180000, 0x0000000100000000)
  eden space 207360K, 0% used [0x00000000ec000000,0x00000000ec000000,0x00000000f8a80000)
  from space 11776K, 27% used [0x00000000f9600000,0x00000000f992bec0,0x00000000fa180000)
  to   space 11776K, 0% used [0x00000000f8a80000,0x00000000f8a80000,0x00000000f9600000)
 ParOldGen       total 54784K, used 23838K [0x00000000c4000000, 0x00000000c7580000, 0x00000000ec000000)
  object space 54784K, 43% used [0x00000000c4000000,0x00000000c5747b38,0x00000000c7580000)
 Metaspace       used 35100K, capacity 36858K, committed 36992K, reserved 1081344K
  class space    used 4651K, capacity 4988K, committed 4992K, reserved 1048576K
}
Event: 444.269 GC heap before
{Heap before GC invocations=19 (full 5):
 PSYoungGen      total 219136K, used 3247K [0x00000000ec000000, 0x00000000fa180000, 0x0000000100000000)
  eden space 207360K, 0% used [0x00000000ec000000,0x00000000ec000000,0x00000000f8a80000)
  from space 11776K, 27% used [0x00000000f9600000,0x00000000f992bec0,0x00000000fa180000)
  to   space 11776K, 0% used [0x00000000f8a80000,0x00000000f8a80000,0x00000000f9600000)
 ParOldGen       total 54784K, used 23838K [0x00000000c4000000, 0x00000000c7580000, 0x00000000ec000000)
  object space 54784K, 43% used [0x00000000c4000000,0x00000000c5747b38,0x00000000c7580000)
 Metaspace       used 35100K, capacity 36858K, committed 36992K, reserved 1081344K
  class space    used 4651K, capacity 4988K, committed 4992K, reserved 1048576K
Event: 444.496 GC heap after
Heap after GC invocations=19 (full 5):
 PSYoungGen      total 219136K, used 0K [0x00000000ec000000, 0x00000000fa180000, 0x0000000100000000)
  eden space 207360K, 0% used [0x00000000ec000000,0x00000000ec000000,0x00000000f8a80000)
  from space 11776K, 0% used [0x00000000f9600000,0x00000000f9600000,0x00000000fa180000)
  to   space 11776K, 0% used [0x00000000f8a80000,0x00000000f8a80000,0x00000000f9600000)
 ParOldGen       total 54784K, used 22158K [0x00000000c4000000, 0x00000000c7580000, 0x00000000ec000000)
  object space 54784K, 40% used [0x00000000c4000000,0x00000000c55a3938,0x00000000c7580000)
 Metaspace       used 35100K, capacity 36858K, committed 36992K, reserved 1081344K
  class space    used 4651K, capacity 4988K, committed 4992K, reserved 1048576K
}
Event: 1280.624 GC heap before
{Heap before GC invocations=20 (full 5):
 PSYoungGen      total 219136K, used 207360K [0x00000000ec000000, 0x00000000fa180000, 0x0000000100000000)
  eden space 207360K, 100% used [0x00000000ec000000,0x00000000f8a80000,0x00000000f8a80000)
  from space 11776K, 0% used [0x00000000f9600000,0x00000000f9600000,0x00000000fa180000)
  to   space 11776K, 0% used [0x00000000f8a80000,0x00000000f8a80000,0x00000000f9600000)
 ParOldGen       total 54784K, used 22158K [0x00000000c4000000, 0x00000000c7580000, 0x00000000ec000000)
  object space 54784K, 40% used [0x00000000c4000000,0x00000000c55a3938,0x00000000c7580000)
 Metaspace       used 35258K, capacity 37094K, committed 37376K, reserved 1081344K
  class space    used 4670K, capacity 5019K, committed 5120K, reserved 1048576K

